node.exe : npm warn 
using --force 
Recommended 
protections disabled.
At line:1 char:1
+ & "C:\Program Files
\nodejs/node.exe" 
"C:\Program 
Files\nodejs/node_mo 
...
+ ~~~~~~~~~~~~~~~~~~~
~~~~~~~~~~~~~~~~~~~~~
~~~~~~~~~~~~~~~~~~~~~
~~~~~~~~
    + CategoryInfo   
           : NotSpe  
  cified: (npm war   
 n using ...tions    
 disabled.:Strin    
g) [], RemoteExc    
eption
    + FullyQualified 
   ErrorId : Native  
  CommandError
 

> streamlux@0.1.0 build
> cross-env CI=false react-scripts build

Creating an optimized production build...
Failed to compile.

TS2345: Argument of type '{ name: string; url: string; quality: string; speed: "medium"; status: "active"; type: "embed"; }' is not assignable to parameter of type 'ResolvedSource'.
  Property 'priority' is missing in type '{ name: string; url: string; quality: string; speed: "medium"; status: "active"; type: "embed"; }' but required in type 'ResolvedSource'.
  [0m [90m 213 |[39m                   [33m<[39m[33mp[39m className[33m=[39m[32m"text-gray-400"[39m[33m>[39m[33mNo[39m direct quality links found[33m.[39m[33m<[39m[33m/[39m[33mp[39m[33m>[39m
   [90m 214 |[39m                   [33m<[39m[33mbutton[39m
  [31m[1m>[22m[39m[90m 215 |[39m                     onClick[33m=[39m{() [33m=>[39m handleSelectSource({ name[33m:[39m [32m'External'[39m[33m,[39m url[33m:[39m [32m''[39m[33m,[39m quality[33m:[39m [32m'Auto'[39m[33m,[39m speed[33m:[39m [32m'medium'[39m[33m,[39m status[33m:[39m [32m'active'[39m[33m,[39m type[33m:[39m [32m'embed'[39m })}
   [90m     |[39m                                                       [31m[1m^[22m[39m[31m[1m^[22m[39m[31m[1m^[22m[39m[31m[1m^[22m[39m[31m[1m^[22m[39m[31m[1m^[22m[39m[31m[1m^[22m[39m[31m[1m^[22m[39m[31m[1m^[22m[39m[31m[1m^[22m[39m[31m[1m^[22m[39m[31m[1m^[22m[39m[31m[1m^[22m[39m[31m[1m^[22m[39m[31m[1m^[22m[39m[31m[1m^[22m[39m[31m[1m^[22m[39m[31m[1m^[22m[39m[31m[1m^[22m[39m[31m[1m^[22m[39m[31m[1m^[22m[39m[31m[1m^[22m[39m[31m[1m^[22m[39m[31m[1m^[22m[39m[31m[1m^[22m[39m[31m[1m^[22m[39m[31m[1m^[22m[39m[31m[1m^[22m[39m[31m[1m^[22m[39m[31m[1m^[22m[39m[31m[1m^[22m[39m[31m[1m^[22m[39m[31m[1m^[22m[39m[31m[1m^[22m[39m[31m[1m^[22m[39m[31m[1m^[22m[39m[31m[1m^[22m[39m[31m[1m^[22m[39m[31m[1m^[22m[39m[31m[1m^[22m[39m[31m[1m^[22m[39m[31m[1m^[22m[39m[31m[1m^[22m[39m[31m[1m^[22m[39m[31m[1m^[22m[39m[31m[1m^[22m[39m[31m[1m^[22m[39m[31m[1m^[22m[39m[31m[1m^[22m[39m[31m[1m^[22m[39m[31m[1m^[22m[39m[31m[1m^[22m[39m[31m[1m^[22m[39m[31m[1m^[22m[39m[31m[1m^[22m[39m[31m[1m^[22m[39m[31m[1m^[22m[39m[31m[1m^[22m[39m[31m[1m^[22m[39m[31m[1m^[22m[39m[31m[1m^[22m[39m[31m[1m^[22m[39m[31m[1m^[22m[39m[31m[1m^[22m[39m[31m[1m^[22m[39m[31m[1m^[22m[39m[31m[1m^[22m[39m[31m[1m^[22m[39m[31m[1m^[22m[39m[31m[1m^[22m[39m[31m[1m^[22m[39m[31m[1m^[22m[39m[31m[1m^[22m[39m[31m[1m^[22m[39m[31m[1m^[22m[39m[31m[1m^[22m[39m[31m[1m^[22m[39m[31m[1m^[22m[39m[31m[1m^[22m[39m[31m[1m^[22m[39m[31m[1m^[22m[39m[31m[1m^[22m[39m[31m[1m^[22m[39m[31m[1m^[22m[39m[31m[1m^[22m[39m[31m[1m^[22m[39m[31m[1m^[22m[39m[31m[1m^[22m[39m[31m[1m^[22m[39m[31m[1m^[22m[39m[31m[1m^[22m[39m[31m[1m^[22m[39m[31m[1m^[22m[39m[31m[1m^[22m[39m[31m[1m^[22m[39m[31m[1m^[22m[39m
   [90m 216 |[39m                     className[33m=[39m[32m"mt-4 text-primary underline text-sm"[39m
   [90m 217 |[39m                   [33m>[39m
   [90m 218 |[39m                     [33mTry[39m generic download instead[0m


